<?xml version="1.0" encoding="UTF-8"?>
<!-- Generated by org.testng.reporters.JUnitReportReporter -->
<testsuite skipped="0" hostname="DESKTOP-KIA6K7F" name="PageObjectModelForGmail.TestCaseforPOM" tests="1" failures="0" timestamp="21 Mar 2021 10:16:51 GMT" time="18.182" errors="0">
  <testcase name="fblogin" time="18.182" classname="PageObjectModelForGmail.TestCaseforPOM"/>
</testsuite> <!-- PageObjectModelForGmail.TestCaseforPOM -->
