<?xml version="1.0" encoding="UTF-8"?>
<!-- Generated by org.testng.reporters.JUnitReportReporter -->
<testsuite skipped="0" hostname="DESKTOP-KIA6K7F" name="PageObjectModel.PageRegistrationTest" tests="1" failures="0" timestamp="10 Mar 2021 06:40:57 GMT" time="33.932" errors="0">
  <testcase name="VerifyFlightReg" time="33.932" classname="PageObjectModel.PageRegistrationTest"/>
</testsuite> <!-- PageObjectModel.PageRegistrationTest -->
