<?xml version="1.0" encoding="UTF-8"?>
<!-- Generated by org.testng.reporters.JUnitReportReporter -->
<testsuite skipped="0" hostname="DESKTOP-KIA6K7F" name="ExtentReportManager.ExtentReportClass" tests="1" failures="0" timestamp="2 Mar 2021 18:15:19 GMT" time="0.015" errors="0">
  <testcase name="Testting" time="0.015" classname="ExtentReportManager.ExtentReportClass"/>
</testsuite> <!-- ExtentReportManager.ExtentReportClass -->
