<?xml version="1.0" encoding="UTF-8"?>
<!-- Generated by org.testng.reporters.JUnitReportReporter -->
<testsuite skipped="0" hostname="DESKTOP-KIA6K7F" name="ExtentReportManager.ExtentReportEx" tests="1" failures="0" timestamp="5 Mar 2021 10:05:56 GMT" time="1.094" errors="0">
  <testcase name="LoginTest" time="1.094" classname="ExtentReportManager.ExtentReportEx"/>
</testsuite> <!-- ExtentReportManager.ExtentReportEx -->
