<?xml version="1.0" encoding="UTF-8"?>
<!-- Generated by org.testng.reporters.JUnitReportReporter -->
<testsuite skipped="0" hostname="DESKTOP-KIA6K7F" name="PageObjectModel.FlightReservationTest" tests="1" failures="0" timestamp="11 Mar 2021 06:48:01 GMT" time="67.090" errors="0">
  <testcase name="VerifyFlightReservation" time="67.090" classname="PageObjectModel.FlightReservationTest"/>
</testsuite> <!-- PageObjectModel.FlightReservationTest -->
